<?xml version="1.0" encoding="UTF-8"?>
<!-- Generated by org.testng.reporters.JUnitReportReporter -->
<testsuite skipped="0" hostname="DESKTOP-BFITS0N" name="com.test.GetApiTest" tests="1" failures="0" timestamp="06 Jan 2021 11:23:32 GMT" time="2.053" errors="0">
  <testcase name="getApiTest" time="2.053" classname="com.test.GetApiTest"/>
</testsuite> <!-- com.test.GetApiTest -->
